2024.03.04 15:36:58 INFO  Started: Metals version 1.2.0 in folders '/home/cardel/repositorios/taller1-funcional-2024-I/app' for client Neovim 0.9.5.[0m
2024.03.04 15:36:59 WARN  Build server is not auto-connectable.[0m
2024.03.04 15:36:59 WARN  no build target for: /home/cardel/repositorios/taller1-funcional-2024-I/app/src/main/scala/funcional/taller1/PeasantAlgorithm.scala[0m
2024.03.04 15:37:02 INFO  Selected port 5031[0m
Mar 04, 2024 3:37:02 PM io.undertow.Undertow start
INFO: starting server: Undertow - 2.2.20.Final
Mar 04, 2024 3:37:02 PM org.xnio.Xnio <clinit>
INFO: XNIO version 3.8.12.Final
Mar 04, 2024 3:37:02 PM org.xnio.nio.NioXnio <clinit>
INFO: XNIO NIO Implementation Version 3.8.12.Final
Mar 04, 2024 3:37:02 PM org.jboss.threads.Version <clinit>
INFO: JBoss Threads version 3.1.0.Final
2024.03.04 15:37:02 INFO  Started Metals http server at http://127.0.0.1:5031[0m
2024.03.04 15:37:02 INFO  no build target found for /home/cardel/repositorios/taller1-funcional-2024-I/app/src/main/scala/funcional/taller1/PeasantAlgorithm.scala. Using presentation compiler with project's scala-library version: 3.3.1[0m
2024.03.04 15:39:34 WARN  no build target for: /home/cardel/repositorios/taller1-funcional-2024-I/app/src/main/scala/funcional/taller1/PeasantAlgorithm.scala[0m
2024.03.04 15:39:37 WARN  no build target for: /home/cardel/repositorios/taller1-funcional-2024-I/app/src/main/scala/funcional/taller1/PeasantAlgorithm.scala[0m
2024.03.04 15:39:52 WARN  no build target for: /home/cardel/repositorios/taller1-funcional-2024-I/app/src/main/scala/funcional/taller1/PeasantAlgorithm.scala[0m
2024.03.04 15:40:57 WARN  no build target for: /home/cardel/repositorios/taller1-funcional-2024-I/app/src/main/scala/funcional/taller1/PeasantAlgorithm.scala[0m
2024.03.04 15:41:10 WARN  no build target for: /home/cardel/repositorios/taller1-funcional-2024-I/app/src/main/scala/funcional/taller1/PeasantAlgorithm.scala[0m
2024.03.04 15:41:34 WARN  no build target for: /home/cardel/repositorios/taller1-funcional-2024-I/app/src/main/scala/funcional/taller1/PeasantAlgorithm.scala[0m
2024.03.04 15:45:26 WARN  no build target for: /home/cardel/repositorios/taller1-funcional-2024-I/app/src/main/scala/funcional/taller1/SplitAlgorithm.scala[0m
2024.03.04 15:49:37 WARN  no build target for: /home/cardel/repositorios/taller1-funcional-2024-I/app/src/main/scala/funcional/taller1/FastAlgorithm.scala[0m
2024.03.04 15:49:50 WARN  no build target for: /home/cardel/repositorios/taller1-funcional-2024-I/app/src/main/scala/funcional/taller1/FastAlgorithm.scala[0m
2024.03.04 15:58:11 WARN  no build target for: /home/cardel/repositorios/taller1-funcional-2024-I/app/src/main/scala/funcional/taller1/PeasantAlgorithm.scala[0m
2024.03.04 15:58:11 WARN  no build target for: /home/cardel/repositorios/taller1-funcional-2024-I/app/src/main/scala/funcional/taller1/SplitAlgorithm.scala[0m
2024.03.04 15:58:11 WARN  no build target for: /home/cardel/repositorios/taller1-funcional-2024-I/app/src/main/scala/funcional/taller1/FastAlgorithm.scala[0m
2024.03.04 15:58:14 WARN  no build target for: /home/cardel/repositorios/taller1-funcional-2024-I/app/src/main/scala/funcional/taller1/App.scala[0m
2024.03.04 15:58:28 WARN  no build target for: /home/cardel/repositorios/taller1-funcional-2024-I/app/src/main/scala/funcional/taller1/App.scala[0m
2024.03.04 15:58:30 INFO  Shutting down server[0m
2024.03.04 15:58:30 INFO  shutting down Metals[0m
Mar 04, 2024 3:58:30 PM io.undertow.Undertow stop
INFO: stopping server: Undertow - 2.2.20.Final
2024.03.04 15:59:15 INFO  Started: Metals version 1.2.0 in folders '/home/cardel/repositorios/taller1-funcional-2024-I/app' for client Neovim 0.9.5.[0m
2024.03.04 15:59:16 WARN  Build server is not auto-connectable.[0m
2024.03.04 15:59:16 WARN  no build target for: /home/cardel/repositorios/taller1-funcional-2024-I/app/src/test/scala/funcional/taller1/AppSuite.scala[0m
2024.03.04 15:59:16 INFO  skipping build import with status 'Dismissed'[0m
2024.03.04 15:59:17 INFO  Selected port 5031[0m
Mar 04, 2024 3:59:17 PM io.undertow.Undertow start
INFO: starting server: Undertow - 2.2.20.Final
Mar 04, 2024 3:59:17 PM org.xnio.Xnio <clinit>
INFO: XNIO version 3.8.12.Final
Mar 04, 2024 3:59:17 PM org.xnio.nio.NioXnio <clinit>
INFO: XNIO NIO Implementation Version 3.8.12.Final
Mar 04, 2024 3:59:17 PM org.jboss.threads.Version <clinit>
INFO: JBoss Threads version 3.1.0.Final
2024.03.04 15:59:17 INFO  Started Metals http server at http://127.0.0.1:5031[0m
2024.03.04 15:59:18 INFO  no build target found for /home/cardel/repositorios/taller1-funcional-2024-I/app/src/test/scala/funcional/taller1/AppSuite.scala. Using presentation compiler with project's scala-library version: 3.3.1[0m
2024.03.04 15:59:22 WARN  no build target for: /home/cardel/repositorios/taller1-funcional-2024-I/app/src/test/scala/funcional/taller1/AppSuite.scala[0m
2024.03.04 15:59:40 WARN  no build target for: /home/cardel/repositorios/taller1-funcional-2024-I/app/src/main/scala/taller1/App.scala[0m
2024.03.04 16:00:41 WARN  no build target for: /home/cardel/repositorios/taller1-funcional-2024-I/app/src/test/scala/funcional/taller1/PeasantAlgorithmTest.scala[0m
2024.03.04 16:02:56 WARN  no build target for: /home/cardel/repositorios/taller1-funcional-2024-I/app/src/main/scala/taller1/FastAlgorithm.scala[0m
2024.03.04 16:03:09 WARN  no build target for: /home/cardel/repositorios/taller1-funcional-2024-I/app/src/test/scala/funcional/taller1/FastAlgorithmTest.scala[0m
2024.03.04 16:04:28 WARN  no build target for: /home/cardel/repositorios/taller1-funcional-2024-I/app/src/test/scala/funcional/taller1/FastAlgorithmTest.scala[0m
2024.03.04 16:05:09 WARN  no build target for: /home/cardel/repositorios/taller1-funcional-2024-I/app/src/test/scala/funcional/taller1/PeasantAlgorithmTest.scala[0m
2024.03.04 16:05:15 WARN  no build target for: /home/cardel/repositorios/taller1-funcional-2024-I/app/src/test/scala/funcional/taller1/SplitAlgorithm.scala[0m
2024.03.04 16:05:49 WARN  no build target for: /home/cardel/repositorios/taller1-funcional-2024-I/app/src/test/scala/funcional/taller1/SplitAlgorithm.scala[0m
2024.03.04 16:05:56 WARN  no build target for: /home/cardel/repositorios/taller1-funcional-2024-I/app/src/test/scala/funcional/taller1/SplitAlgorithm.scala[0m
2024.03.04 16:07:10 WARN  no build target for: /home/cardel/repositorios/taller1-funcional-2024-I/app/src/test/scala/funcional/taller1/PeasantAlgorithmTest.scala[0m
2024.03.04 16:08:03 WARN  no build target for: /home/cardel/repositorios/taller1-funcional-2024-I/app/src/test/scala/funcional/taller1/PeasantAlgorithmTest.scala[0m
2024.03.04 16:08:36 INFO  Shutting down server[0m
2024.03.04 16:08:36 INFO  shutting down Metals[0m
Mar 04, 2024 4:08:37 PM io.undertow.Undertow stop
INFO: stopping server: Undertow - 2.2.20.Final
2024.03.04 16:09:06 INFO  Started: Metals version 1.2.0 in folders '/home/cardel/repositorios/taller1-funcional-2024-I/app' for client Neovim 0.9.5.[0m
2024.03.04 16:09:07 WARN  Build server is not auto-connectable.[0m
2024.03.04 16:09:07 WARN  no build target for: /home/cardel/repositorios/taller1-funcional-2024-I/app/src/test/scala/taller1/PeasantAlgorithmTest.scala[0m
2024.03.04 16:09:07 INFO  skipping build import with status 'Dismissed'[0m
2024.03.04 16:09:08 INFO  Selected port 5031[0m
Mar 04, 2024 4:09:08 PM io.undertow.Undertow start
INFO: starting server: Undertow - 2.2.20.Final
Mar 04, 2024 4:09:08 PM org.xnio.Xnio <clinit>
INFO: XNIO version 3.8.12.Final
Mar 04, 2024 4:09:08 PM org.xnio.nio.NioXnio <clinit>
INFO: XNIO NIO Implementation Version 3.8.12.Final
Mar 04, 2024 4:09:08 PM org.jboss.threads.Version <clinit>
INFO: JBoss Threads version 3.1.0.Final
2024.03.04 16:09:08 INFO  Started Metals http server at http://127.0.0.1:5031[0m
2024.03.04 16:09:09 INFO  no build target found for /home/cardel/repositorios/taller1-funcional-2024-I/app/src/test/scala/taller1/PeasantAlgorithmTest.scala. Using presentation compiler with project's scala-library version: 3.3.1[0m
2024.03.04 16:09:34 WARN  no build target for: /home/cardel/repositorios/taller1-funcional-2024-I/app/src/test/scala/taller1/PeasantAlgorithmTest.scala[0m
2024.03.04 16:09:53 WARN  no build target for: /home/cardel/repositorios/taller1-funcional-2024-I/app/src/test/scala/taller1/PeasantAlgorithmTest.scala[0m
2024.03.04 16:10:19 WARN  no build target for: /home/cardel/repositorios/taller1-funcional-2024-I/app/src/test/scala/taller1/FastAlgorithmTest.scala[0m
2024.03.04 16:10:32 WARN  no build target for: /home/cardel/repositorios/taller1-funcional-2024-I/app/src/test/scala/taller1/SplitAlgorithm.scala[0m
2024.03.04 16:10:34 WARN  no build target for: /home/cardel/repositorios/taller1-funcional-2024-I/app/src/test/scala/taller1/FastAlgorithmTest.scala[0m
2024.03.04 16:11:09 WARN  no build target for: /home/cardel/repositorios/taller1-funcional-2024-I/app/src/test/scala/taller1/PeasantAlgorithmTest.scala[0m
2024.03.04 16:11:10 WARN  no build target for: /home/cardel/repositorios/taller1-funcional-2024-I/app/src/test/scala/taller1/SplitAlgorithm.scala[0m
2024.03.04 16:11:18 WARN  no build target for: /home/cardel/repositorios/taller1-funcional-2024-I/app/src/test/scala/taller1/FastAlgorithmTest.scala[0m
2024.03.04 16:11:42 WARN  no build target for: /home/cardel/repositorios/taller1-funcional-2024-I/app/src/test/scala/taller1/FastAlgorithmTest.scala[0m
2024.03.04 16:12:10 WARN  no build target for: /home/cardel/repositorios/taller1-funcional-2024-I/app/src/main/scala/taller1/SplitAlgorithm.scala[0m
2024.03.04 16:12:41 WARN  no build target for: /home/cardel/repositorios/taller1-funcional-2024-I/app/src/test/scala/taller1/FastAlgorithmTest.scala[0m
2024.03.04 16:13:09 WARN  no build target for: /home/cardel/repositorios/taller1-funcional-2024-I/app/src/main/scala/taller1/SplitAlgorithm.scala[0m
2024.03.04 16:13:20 WARN  no build target for: /home/cardel/repositorios/taller1-funcional-2024-I/app/src/test/scala/taller1/SplitAlgorithm.scala[0m
2024.03.04 16:20:06 INFO  Shutting down server[0m
2024.03.04 16:20:06 INFO  shutting down Metals[0m
Mar 04, 2024 4:20:06 PM io.undertow.Undertow stop
INFO: stopping server: Undertow - 2.2.20.Final
2024.03.04 17:08:48 INFO  Started: Metals version 1.2.0 in folders '/home/cardel/repositorios/taller1-funcional-2024-I/app' for client Neovim 0.9.5.[0m
2024.03.04 17:08:49 WARN  Build server is not auto-connectable.[0m
2024.03.04 17:08:49 WARN  no build target for: /home/cardel/repositorios/taller1-funcional-2024-I/app/src/main/scala/taller1/FastAlgorithm.scala[0m
2024.03.04 17:08:49 INFO  skipping build import with status 'Dismissed'[0m
2024.03.04 17:08:50 INFO  Selected port 5031[0m
Mar 04, 2024 5:08:50 PM io.undertow.Undertow start
INFO: starting server: Undertow - 2.2.20.Final
Mar 04, 2024 5:08:50 PM org.xnio.Xnio <clinit>
INFO: XNIO version 3.8.12.Final
Mar 04, 2024 5:08:50 PM org.xnio.nio.NioXnio <clinit>
INFO: XNIO NIO Implementation Version 3.8.12.Final
Mar 04, 2024 5:08:50 PM org.jboss.threads.Version <clinit>
INFO: JBoss Threads version 3.1.0.Final
2024.03.04 17:08:50 INFO  Started Metals http server at http://127.0.0.1:5031[0m
2024.03.04 17:08:51 INFO  no build target found for /home/cardel/repositorios/taller1-funcional-2024-I/app/src/main/scala/taller1/FastAlgorithm.scala. Using presentation compiler with project's scala-library version: 3.3.1[0m
2024.03.04 17:08:59 WARN  no build target for: /home/cardel/repositorios/taller1-funcional-2024-I/app/src/main/scala/taller1/FastAlgorithm.scala[0m
2024.03.04 17:09:03 WARN  no build target for: /home/cardel/repositorios/taller1-funcional-2024-I/app/src/main/scala/taller1/PeasantAlgorithm.scala[0m
2024.03.04 17:09:12 WARN  no build target for: /home/cardel/repositorios/taller1-funcional-2024-I/app/src/main/scala/taller1/PeasantAlgorithm.scala[0m
2024.03.04 17:09:16 WARN  no build target for: /home/cardel/repositorios/taller1-funcional-2024-I/app/src/main/scala/taller1/SplitAlgorithm.scala[0m
2024.03.04 17:09:32 WARN  no build target for: /home/cardel/repositorios/taller1-funcional-2024-I/app/src/main/scala/taller1/SplitAlgorithm.scala[0m
2024.03.04 17:10:14 INFO  Shutting down server[0m
2024.03.04 17:10:14 INFO  shutting down Metals[0m
Mar 04, 2024 5:10:15 PM io.undertow.Undertow stop
INFO: stopping server: Undertow - 2.2.20.Final
